#! /usr/local/Cellar/icarus-verilog/10.3/bin/vvp
:ivl_version "10.3 (stable)" "(v10_3)";
:ivl_delay_selection "TYPICAL";
:vpi_time_precision - 10;
:vpi_module "system";
:vpi_module "vhdl_sys";
:vpi_module "v2005_math";
:vpi_module "va_math";
S_0x7fdbcac06560 .scope module, "tb_Start" "tb_Start" 2 2;
 .timescale -9 -10;
v0x7fdbcae06520_0 .var "a", 0 0;
v0x7fdbcae065e0_0 .var "b", 0 0;
v0x7fdbcae06670_0 .var "c", 0 0;
v0x7fdbcae06700_0 .var "d", 0 0;
v0x7fdbcae06790_0 .var/i "i", 31 0;
v0x7fdbcae06860_0 .var "result", 15 0;
v0x7fdbcae068f0_0 .net "x", 0 0, L_0x7fdbcb904420;  1 drivers
S_0x7fdbcac08a10 .scope module, "U0" "Start" 2 8, 3 1 0, S_0x7fdbcac06560;
 .timescale -9 -10;
    .port_info 0 /INPUT 1 "a"
    .port_info 1 /INPUT 1 "b"
    .port_info 2 /INPUT 1 "c"
    .port_info 3 /INPUT 1 "d"
    .port_info 4 /OUTPUT 1 "x"
L_0x7fdbcae06980 .functor NOT 1, v0x7fdbcae06520_0, C4<0>, C4<0>, C4<0>;
L_0x7fdbcae06a50 .functor AND 1, L_0x7fdbcae06980, v0x7fdbcae065e0_0, C4<1>, C4<1>;
L_0x7fdbcaf04080 .functor NOT 1, v0x7fdbcae06670_0, C4<0>, C4<0>, C4<0>;
L_0x7fdbcaf04180 .functor AND 1, L_0x7fdbcae06a50, L_0x7fdbcaf04080, C4<1>, C4<1>;
L_0x7fdbcaf042b0 .functor AND 1, L_0x7fdbcaf04180, v0x7fdbcae06700_0, C4<1>, C4<1>;
L_0x7fdbcaf043f0 .functor NOT 1, v0x7fdbcae065e0_0, C4<0>, C4<0>, C4<0>;
L_0x7fdbcaf04460 .functor AND 1, v0x7fdbcae06520_0, L_0x7fdbcaf043f0, C4<1>, C4<1>;
L_0x7fdbcaf04590 .functor AND 1, L_0x7fdbcaf04460, v0x7fdbcae06670_0, C4<1>, C4<1>;
L_0x7fdbcaf04660 .functor AND 1, L_0x7fdbcaf04590, v0x7fdbcae06700_0, C4<1>, C4<1>;
L_0x7fdbcaf04760 .functor OR 1, L_0x7fdbcaf042b0, L_0x7fdbcaf04660, C4<0>, C4<0>;
L_0x7fdbcb804080 .functor AND 1, v0x7fdbcae06520_0, v0x7fdbcae065e0_0, C4<1>, C4<1>;
L_0x7fdbcb904080 .functor NOT 1, v0x7fdbcae06670_0, C4<0>, C4<0>, C4<0>;
L_0x7fdbcb9041a0 .functor AND 1, L_0x7fdbcb804080, L_0x7fdbcb904080, C4<1>, C4<1>;
L_0x7fdbcb9042d0 .functor AND 1, L_0x7fdbcb9041a0, v0x7fdbcae06700_0, C4<1>, C4<1>;
L_0x7fdbcb904420 .functor OR 1, L_0x7fdbcaf04760, L_0x7fdbcb9042d0, C4<0>, C4<0>;
v0x7fdbcac08b70_0 .net *"_s0", 0 0, L_0x7fdbcae06980;  1 drivers
v0x7fdbcae05710_0 .net *"_s10", 0 0, L_0x7fdbcaf043f0;  1 drivers
v0x7fdbcae057d0_0 .net *"_s12", 0 0, L_0x7fdbcaf04460;  1 drivers
v0x7fdbcae05890_0 .net *"_s14", 0 0, L_0x7fdbcaf04590;  1 drivers
v0x7fdbcae05940_0 .net *"_s16", 0 0, L_0x7fdbcaf04660;  1 drivers
v0x7fdbcae05a30_0 .net *"_s18", 0 0, L_0x7fdbcaf04760;  1 drivers
v0x7fdbcae05ae0_0 .net *"_s2", 0 0, L_0x7fdbcae06a50;  1 drivers
v0x7fdbcae05b90_0 .net *"_s20", 0 0, L_0x7fdbcb804080;  1 drivers
v0x7fdbcae05c40_0 .net *"_s22", 0 0, L_0x7fdbcb904080;  1 drivers
v0x7fdbcae05d50_0 .net *"_s24", 0 0, L_0x7fdbcb9041a0;  1 drivers
v0x7fdbcae05e00_0 .net *"_s26", 0 0, L_0x7fdbcb9042d0;  1 drivers
v0x7fdbcae05eb0_0 .net *"_s4", 0 0, L_0x7fdbcaf04080;  1 drivers
v0x7fdbcae05f60_0 .net *"_s6", 0 0, L_0x7fdbcaf04180;  1 drivers
v0x7fdbcae06010_0 .net *"_s8", 0 0, L_0x7fdbcaf042b0;  1 drivers
v0x7fdbcae060c0_0 .net "a", 0 0, v0x7fdbcae06520_0;  1 drivers
v0x7fdbcae06160_0 .net "b", 0 0, v0x7fdbcae065e0_0;  1 drivers
v0x7fdbcae06200_0 .net "c", 0 0, v0x7fdbcae06670_0;  1 drivers
v0x7fdbcae06390_0 .net "d", 0 0, v0x7fdbcae06700_0;  1 drivers
v0x7fdbcae06420_0 .net "x", 0 0, L_0x7fdbcb904420;  alias, 1 drivers
    .scope S_0x7fdbcac06560;
T_0 ;
    %pushi/vec4 10272, 0, 16;
    %store/vec4 v0x7fdbcae06860_0, 0, 16;
    %end;
    .thread T_0;
    .scope S_0x7fdbcac06560;
T_1 ;
    %vpi_call 2 12 "$display", "Starting simulation....." {0 0 0};
    %pushi/vec4 0, 0, 32;
    %store/vec4 v0x7fdbcae06790_0, 0, 32;
T_1.0 ;
    %load/vec4 v0x7fdbcae06790_0;
    %cmpi/s 15, 0, 32;
    %flag_or 5, 4;
    %jmp/0xz T_1.1, 5;
    %load/vec4 v0x7fdbcae06790_0;
    %pad/s 4;
    %split/vec4 1;
    %store/vec4 v0x7fdbcae06700_0, 0, 1;
    %split/vec4 1;
    %store/vec4 v0x7fdbcae06670_0, 0, 1;
    %split/vec4 1;
    %store/vec4 v0x7fdbcae065e0_0, 0, 1;
    %store/vec4 v0x7fdbcae06520_0, 0, 1;
    %delay 10, 0;
    %load/vec4 v0x7fdbcae068f0_0;
    %load/vec4 v0x7fdbcae06860_0;
    %load/vec4 v0x7fdbcae06790_0;
    %part/s 1;
    %cmp/ne;
    %jmp/0xz  T_1.2, 4;
    %vpi_call 2 18 "$display", "Incorrect value for %h", v0x7fdbcae06790_0 {0 0 0};
T_1.2 ;
    %delay 10, 0;
    %load/vec4 v0x7fdbcae06790_0;
    %addi 1, 0, 32;
    %store/vec4 v0x7fdbcae06790_0, 0, 32;
    %jmp T_1.0;
T_1.1 ;
    %vpi_call 2 21 "$display", "Case Chrisbacher" {0 0 0};
    %end;
    .thread T_1;
# The file index is used to find the file name in the following table.
:file_names 4;
    "N/A";
    "<interactive>";
    "tb_Start.v";
    "Start.v";
