#! /usr/local/Cellar/icarus-verilog/10.3/bin/vvp
:ivl_version "10.3 (stable)" "(v10_3)";
:ivl_delay_selection "TYPICAL";
:vpi_time_precision - 9;
:vpi_module "system";
:vpi_module "vhdl_sys";
:vpi_module "v2005_math";
:vpi_module "va_math";
S_0x7faf6b007090 .scope module, "tbp3" "tbp3" 2 2;
 .timescale -8 -9;
v0x7faf6b0179a0_0 .var "a", 7 0;
v0x7faf6b017a30_0 .var "b", 7 0;
v0x7faf6b017ac0_0 .net "x", 0 0, L_0x7faf6b0180f0;  1 drivers
S_0x7faf6b0071f0 .scope module, "U1" "Problem3" 2 5, 3 1 0, S_0x7faf6b007090;
 .timescale 0 0;
    .port_info 0 /INPUT 8 "a"
    .port_info 1 /INPUT 8 "b"
    .port_info 2 /OUTPUT 1 "x"
L_0x7faf6b017d70 .functor OR 1, L_0x7faf6b017b90, L_0x7faf6b017c90, C4<0>, C4<0>;
L_0x7faf6b017f20 .functor OR 1, L_0x7faf6b017d70, L_0x7faf6b017e80, C4<0>, C4<0>;
L_0x7faf6b0180f0 .functor XOR 1, L_0x7faf6b017f20, L_0x7faf6b018050, C4<0>, C4<0>;
v0x7faf6b007350_0 .net *"_s1", 0 0, L_0x7faf6b017b90;  1 drivers
v0x7faf6b017330_0 .net *"_s11", 0 0, L_0x7faf6b018050;  1 drivers
v0x7faf6b0173e0_0 .net *"_s3", 0 0, L_0x7faf6b017c90;  1 drivers
v0x7faf6b0174a0_0 .net *"_s4", 0 0, L_0x7faf6b017d70;  1 drivers
v0x7faf6b017550_0 .net *"_s7", 0 0, L_0x7faf6b017e80;  1 drivers
v0x7faf6b017640_0 .net *"_s8", 0 0, L_0x7faf6b017f20;  1 drivers
v0x7faf6b0176f0_0 .net "a", 7 0, v0x7faf6b0179a0_0;  1 drivers
v0x7faf6b0177a0_0 .net "b", 7 0, v0x7faf6b017a30_0;  1 drivers
v0x7faf6b017850_0 .net "x", 0 0, L_0x7faf6b0180f0;  alias, 1 drivers
L_0x7faf6b017b90 .part v0x7faf6b0179a0_0, 6, 1;
L_0x7faf6b017c90 .part v0x7faf6b017a30_0, 5, 1;
L_0x7faf6b017e80 .part v0x7faf6b0179a0_0, 0, 1;
L_0x7faf6b018050 .part v0x7faf6b017a30_0, 0, 1;
    .scope S_0x7faf6b007090;
T_0 ;
    %vpi_call 2 8 "$dumpfile", "out.vcd" {0 0 0};
    %vpi_call 2 9 "$dumpvars" {0 0 0};
    %vpi_call 2 10 "$display", "Starting simulation" {0 0 0};
    %pushi/vec4 165, 0, 8;
    %store/vec4 v0x7faf6b0179a0_0, 0, 8;
    %pushi/vec4 85, 0, 8;
    %store/vec4 v0x7faf6b017a30_0, 0, 8;
    %vpi_call 2 13 "$display", "Case Chrisbacher" {0 0 0};
    %vpi_call 2 14 "$finish" {0 0 0};
    %end;
    .thread T_0;
    .scope S_0x7faf6b007090;
T_1 ;
    %vpi_call 2 17 "$monitor", "a = %b,b = %b,x = %b", v0x7faf6b0179a0_0, v0x7faf6b017a30_0, v0x7faf6b017ac0_0 {0 0 0};
    %end;
    .thread T_1;
# The file index is used to find the file name in the following table.
:file_names 4;
    "N/A";
    "<interactive>";
    "tbp3.v";
    "problem3.v";
