#! /usr/local/Cellar/icarus-verilog/10.3/bin/vvp
:ivl_version "10.3 (stable)" "(v10_3)";
:ivl_delay_selection "TYPICAL";
:vpi_time_precision - 9;
:vpi_module "system";
:vpi_module "vhdl_sys";
:vpi_module "v2005_math";
:vpi_module "va_math";
S_0x7fcb5ee05fe0 .scope module, "tb" "tb" 2 2;
 .timescale -8 -9;
v0x7fcb5ee19c50_0 .var "a", 0 0;
v0x7fcb5ee19cf0_0 .var "b", 0 0;
v0x7fcb5ee19da0_0 .net "c", 0 0, L_0x7fcb5ee19e70;  1 drivers
S_0x7fcb5ee040c0 .scope module, "U1" "my_and" 2 5, 3 1 0, S_0x7fcb5ee05fe0;
 .timescale -8 -9;
    .port_info 0 /INPUT 1 "in1"
    .port_info 1 /INPUT 1 "in2"
    .port_info 2 /OUTPUT 1 "out1"
L_0x7fcb5ee19e70 .functor AND 1, v0x7fcb5ee19c50_0, v0x7fcb5ee19cf0_0, C4<1>, C4<1>;
v0x7fcb5ee04270_0 .net "in1", 0 0, v0x7fcb5ee19c50_0;  1 drivers
v0x7fcb5ee19ab0_0 .net "in2", 0 0, v0x7fcb5ee19cf0_0;  1 drivers
v0x7fcb5ee19b50_0 .net "out1", 0 0, L_0x7fcb5ee19e70;  alias, 1 drivers
    .scope S_0x7fcb5ee05fe0;
T_0 ;
    %vpi_call 2 8 "$dumpfile", "output.vcd" {0 0 0};
    %vpi_call 2 9 "$dumpvars" {0 0 0};
    %vpi_call 2 10 "$display", "Starting simulation" {0 0 0};
    %pushi/vec4 0, 0, 1;
    %store/vec4 v0x7fcb5ee19c50_0, 0, 1;
    %pushi/vec4 0, 0, 1;
    %store/vec4 v0x7fcb5ee19cf0_0, 0, 1;
    %delay 100, 0;
    %pushi/vec4 1, 0, 1;
    %store/vec4 v0x7fcb5ee19c50_0, 0, 1;
    %delay 100, 0;
    %pushi/vec4 1, 0, 1;
    %store/vec4 v0x7fcb5ee19cf0_0, 0, 1;
    %delay 100, 0;
    %pushi/vec4 0, 0, 1;
    %store/vec4 v0x7fcb5ee19c50_0, 0, 1;
    %delay 100, 0;
    %vpi_call 2 16 "$display", "Simulation ended." {0 0 0};
    %vpi_call 2 17 "$display", "Case Chrisbacher" {0 0 0};
    %vpi_call 2 18 "$time" {0 0 0};
    %vpi_call 2 19 "$finish" {0 0 0};
    %end;
    .thread T_0;
    .scope S_0x7fcb5ee05fe0;
T_1 ;
    %vpi_call 2 22 "$monitor", $time, "a = %b,b = %b,c = %b", v0x7fcb5ee19c50_0, v0x7fcb5ee19cf0_0, v0x7fcb5ee19da0_0 {0 0 0};
    %end;
    .thread T_1;
# The file index is used to find the file name in the following table.
:file_names 4;
    "N/A";
    "<interactive>";
    "tb.v";
    "my_and.v";
